+b 10
Breakpoint 1 at 0x40142d: file c:\Users\raksh\github-classroom\FPC-advanced\fpc-advanced-classroom-1st-year-assignment-RakshithaR1\set02\problem02.c, line 10.
+b 38
Breakpoint 2 at 0x4014d1: file c:\Users\raksh\github-classroom\FPC-advanced\fpc-advanced-classroom-1st-year-assignment-RakshithaR1\set02\problem02.c, line 38.
+r
Starting program: c:\Users\raksh\github-classroom\FPC-advanced\fpc-advanced-classroom-1st-year-assignment-RakshithaR1\set02/./problem02.exe 
[New Thread 26504.0x38f0]
[New Thread 26504.0x5058]

Breakpoint 2, main () at c:\Users\raksh\github-classroom\FPC-advanced\fpc-advanced-classroom-1st-year-assignment-RakshithaR1\set02\problem02.c:38
38	  isscalene=check_scalene(x,y,z);
+n

Breakpoint 1, check_scalene (a=1, b=2, c=3)
    at c:\Users\raksh\github-classroom\FPC-advanced\fpc-advanced-classroom-1st-year-assignment-RakshithaR1\set02\problem02.c:12
12	  if(a!=b&&a!=c)
+n
14	    if(b!=c){
+n
15	      return 1;
+n
21	}
+n
main () at c:\Users\raksh\github-classroom\FPC-advanced\fpc-advanced-classroom-1st-year-assignment-RakshithaR1\set02\problem02.c:39
39	  output(x,y,z,isscalene);
+n
40	  return 0;
+n
41	}+n
0x004010fd in __mingw_CRTStartup ()
+n
Single stepping until exit from function __mingw_CRTStartup,
which has no line number information.
[Inferior 1 (process 26504) exited normally]
+q
