+b 19
Breakpoint 1 at 0x401479: file c:\Users\raksh\github-classroom\FPC-advanced\fpc-advanced-classroom-1st-year-assignment-RakshithaR1\set02\problem04.c, line 19.
+b 39
Breakpoint 2 at 0x401513: file c:\Users\raksh\github-classroom\FPC-advanced\fpc-advanced-classroom-1st-year-assignment-RakshithaR1\set02\problem04.c, line 39.
+b 49
Breakpoint 3 at 0x40155d: file c:\Users\raksh\github-classroom\FPC-advanced\fpc-advanced-classroom-1st-year-assignment-RakshithaR1\set02\problem04.c, line 49.
+r
Starting program: c:\Users\raksh\github-classroom\FPC-advanced\fpc-advanced-classroom-1st-year-assignment-RakshithaR1\set02/./problem04.exe 
[New Thread 17500.0x4748]
[New Thread 17500.0x44a0]

Breakpoint 3, main () at c:\Users\raksh\github-classroom\FPC-advanced\fpc-advanced-classroom-1st-year-assignment-RakshithaR1\set02\problem04.c:49
49	  sum=sum_composite_numbers(n,a);
+n

Breakpoint 1, sum_composite_numbers (n=4, a=0x60fd68)
    at c:\Users\raksh\github-classroom\FPC-advanced\fpc-advanced-classroom-1st-year-assignment-RakshithaR1\set02\problem04.c:21
21	  int sum=0;
+n
22	  for(int i=0;i<n;i++)
+n
24	    if(a[i]>1){
+n
22	  for(int i=0;i<n;i++)
+n
24	    if(a[i]>1){
+n
25	      for(int j=2;j<=a[i]/2;j++){
+n
26	        if(a[i]%j==0){
+n
25	      for(int j=2;j<=a[i]/2;j++){
+n
26	        if(a[i]%j==0){
+n
25	      for(int j=2;j<=a[i]/2;j++){
+n
26	        if(a[i]%j==0){
+n
25	      for(int j=2;j<=a[i]/2;j++){
+n
26	        if(a[i]%j==0){
+n
27	        sum+=a[i];
+n
28	         break;
+n
22	  for(int i=0;i<n;i++)
+n
24	    if(a[i]>1){
+n
25	      for(int j=2;j<=a[i]/2;j++){
+n
22	  for(int i=0;i<n;i++)
+n
24	    if(a[i]>1){
+n
25	      for(int j=2;j<=a[i]/2;j++){
+n
26	        if(a[i]%j==0){
+n
27	        sum+=a[i];
+n
28	         break;
+n
22	  for(int i=0;i<n;i++)
+n
35	  return sum;
+n
36	}
+n
main () at c:\Users\raksh\github-classroom\FPC-advanced\fpc-advanced-classroom-1st-year-assignment-RakshithaR1\set02\problem04.c:50
50	  output(sum);
+print sum
$1 = 47
+n

Breakpoint 2, output (sum=47)
    at c:\Users\raksh\github-classroom\FPC-advanced\fpc-advanced-classroom-1st-year-assignment-RakshithaR1\set02\problem04.c:41
41	  printf("The sum of the composite numbers in the array is %d",sum);
+n
43	}
+n
main () at c:\Users\raksh\github-classroom\FPC-advanced\fpc-advanced-classroom-1st-year-assignment-RakshithaR1\set02\problem04.c:51
51	  return 0;
+n
52	}+n
0x004010fd in __mingw_CRTStartup ()
+n
Single stepping until exit from function __mingw_CRTStartup,
which has no line number information.
[Inferior 1 (process 17500) exited normally]
+q
