+b 65
Breakpoint 1 at 0x401594: file c:\Users\raksh\github-classroom\FPC-advanced\fpc-advanced-classroom-1st-year-assignment-RakshithaR1\set04\problem08.c, line 65.
+b 41
Breakpoint 2 at 0x4014e3: file c:\Users\raksh\github-classroom\FPC-advanced\fpc-advanced-classroom-1st-year-assignment-RakshithaR1\set04\problem08.c, line 41.
+b 74
Breakpoint 3 at 0x4015f9: file c:\Users\raksh\github-classroom\FPC-advanced\fpc-advanced-classroom-1st-year-assignment-RakshithaR1\set04\problem08.c, line 74.
+b 94
Breakpoint 4 at 0x4016ad: file c:\Users\raksh\github-classroom\FPC-advanced\fpc-advanced-classroom-1st-year-assignment-RakshithaR1\set04\problem08.c, line 94.
+b 95
Breakpoint 5 at 0x4016cc: file c:\Users\raksh\github-classroom\FPC-advanced\fpc-advanced-classroom-1st-year-assignment-RakshithaR1\set04\problem08.c, line 95.
+r
Starting program: c:\Users\raksh\github-classroom\FPC-advanced\fpc-advanced-classroom-1st-year-assignment-RakshithaR1\set04/./problem08.exe 
[New Thread 28848.0x4940]
[New Thread 28848.0x4cbc]

Breakpoint 4, main () at c:\Users\raksh\github-classroom\FPC-advanced\fpc-advanced-classroom-1st-year-assignment-RakshithaR1\set04\problem08.c:94
94	  sum=add_n_fractions(n,f);
+n

Breakpoint 1, add_n_fractions (n=3, f=0x60fbdc)
    at c:\Users\raksh\github-classroom\FPC-advanced\fpc-advanced-classroom-1st-year-assignment-RakshithaR1\set04\problem08.c:67
67	  Fraction sum={0,0};
+p f[0]
$1 = {num = 4, den = 3}
+p f[1]
$2 = {num = 8, den = 9}
+p f[2]
$3 = {num = 1, den = 2}
+n
68	  for(int i=0;i<n;i++)
+n
70	    sum=add_fractions(sum,f[i]);
+p sum
$4 = {num = 0, den = 0}
+n

Breakpoint 2, add_fractions (f1=..., f2=...)
    at c:\Users\raksh\github-classroom\FPC-advanced\fpc-advanced-classroom-1st-year-assignment-RakshithaR1\set04\problem08.c:45
45	  if(f1.den==f2.den)
+p f1
$5 = {num = 0, den = 0}
+p f2
$6 = {num = 4, den = 3}
+n
51	      gcd=find_gcd(f1.den,f2.den);
+n
52	      sum.den=(f1.den*f2.den)/gcd;
+n
53	      f1.num=f1.num*f2.den;
+n
54	      f2.num=f2.num*f1.den;
+n
55	      sum.num=f1.num+f2.num;
+n
56	      resnum=sum.num;
+n
57	      resden=sum.den;
+n
58	      resgcd=find_gcd(resnum,resden);
+n
59	      sum.num=sum.num/resgcd;
+n

Program received signal SIGFPE, Arithmetic exception.
0x00401576 in add_fractions (f1=..., f2=...)
    at c:\Users\raksh\github-classroom\FPC-advanced\fpc-advanced-classroom-1st-year-assignment-RakshithaR1\set04\problem08.c:59
59	      sum.num=sum.num/resgcd;
+n

Program received signal SIGFPE, Arithmetic exception.
0x00401576 in add_fractions (f1=..., f2=...)
    at c:\Users\raksh\github-classroom\FPC-advanced\fpc-advanced-classroom-1st-year-assignment-RakshithaR1\set04\problem08.c:59
59	      sum.num=sum.num/resgcd;
+n
[Inferior 1 (process 28848) exited with code 030000000224]
+p sum
No symbol "sum" in current context.
+n
The program is not being run.
+n
The program is not being run.
+b 41
Breakpoint 1 at 0x4014e3: file c:\Users\raksh\github-classroom\FPC-advanced\fpc-advanced-classroom-1st-year-assignment-RakshithaR1\set04\problem08.c, line 41.
+b 56
Breakpoint 2 at 0x40155e: file c:\Users\raksh\github-classroom\FPC-advanced\fpc-advanced-classroom-1st-year-assignment-RakshithaR1\set04\problem08.c, line 56.
+r
Starting program: c:\Users\raksh\github-classroom\FPC-advanced\fpc-advanced-classroom-1st-year-assignment-RakshithaR1\set04/./problem08.exe 
[New Thread 33728.0x2e0c]
[New Thread 33728.0x3e48]

Breakpoint 2, add_n_fractions (n=3, f=0x60fbdc)
    at c:\Users\raksh\github-classroom\FPC-advanced\fpc-advanced-classroom-1st-year-assignment-RakshithaR1\set04\problem08.c:58
58	  Fraction sum = {0, 0};
+p f[0]
$1 = {num = 4, den = 3}
+p f[1]
$2 = {num = 8, den = 9}
+p f[2]
$3 = {num = 1, den = 2}
+n
59	  for (int i = 0; i < n; i++)
+n
61	    sum = add_fractions(sum, f[i]);
+n

Breakpoint 1, add_fractions (f1=..., f2=...)
    at c:\Users\raksh\github-classroom\FPC-advanced\fpc-advanced-classroom-1st-year-assignment-RakshithaR1\set04\problem08.c:45
45	  gcd = find_gcd(f1.den, f2.den);
+p f1.num
$4 = 0
+p f2.den
$5 = 3
+p f2.num
$6 = 4
+p f1.den
$7 = 0
+n
46	  sum.den = (f1.den * f2.den);
+n
47	  f1.num = f1.num * f2.den;
+n
48	  f2.num = f2.num * f1.den;
+n
49	  sum.num = f1.num + f2.num;
+n
51	  int resgcd = find_gcd(sum.num, sum.den);
+n
52	  sum.num = sum.num / resgcd;
+n

Program received signal SIGFPE, Arithmetic exception.
0x00401540 in add_fractions (f1=..., f2=...)
    at c:\Users\raksh\github-classroom\FPC-advanced\fpc-advanced-classroom-1st-year-assignment-RakshithaR1\set04\problem08.c:52
52	  sum.num = sum.num / resgcd;
+nn
Undefined command: "nn".  Try "help".
+n

Program received signal SIGFPE, Arithmetic exception.
0x00401540 in add_fractions (f1=..., f2=...)
    at c:\Users\raksh\github-classroom\FPC-advanced\fpc-advanced-classroom-1st-year-assignment-RakshithaR1\set04\problem08.c:52
52	  sum.num = sum.num / resgcd;
+n
[Inferior 1 (process 33728) exited with code 030000000224]
+n
The program is not being run.
+q
