+b 9
Breakpoint 1 at 0x40142e: file c:\Users\raksh\github-classroom\FPC-advanced\fpc-advanced-classroom-1st-year-assignment-RakshithaR1\set04\problem06.c, line 9.
+b 29
Breakpoint 2 at 0x4014a7: file c:\Users\raksh\github-classroom\FPC-advanced\fpc-advanced-classroom-1st-year-assignment-RakshithaR1\set04\problem06.c, line 29.
+r
Starting program: c:\Users\raksh\github-classroom\FPC-advanced\fpc-advanced-classroom-1st-year-assignment-RakshithaR1\set04/./problem06.exe 
[New Thread 456.0x5218]
[New Thread 456.0x162c]

Breakpoint 2, main () at c:\Users\raksh\github-classroom\FPC-advanced\fpc-advanced-classroom-1st-year-assignment-RakshithaR1\set04\problem06.c:29
29	  input_string(a);
+n
30	  strcpy(b, a);
+n 
31	  words = count_words(a);
+p b
$1 = "hello world hello\000\000\000h%²\000\230ì\031é\b\000\000\000h%²\000p%²\000\200\022@\000Ð\023@\000\001\000\000\000?‚Rv\200\000\000\000Lþ`\000t%²\000„þ`\000\200\022@\000\000\025@\000\000\000\000\000?‚Rvt%²\000œþ`\000u‡Sv"
+n

Breakpoint 1, count_words (string=0x60fe98 "hello world hello")
    at c:\Users\raksh\github-classroom\FPC-advanced\fpc-advanced-classroom-1st-year-assignment-RakshithaR1\set04\problem06.c:11
11	  int words = 0;
+n
12	  string = strtok(string, " ");
+n
14	  while (string != NULL)
+n
16	    words += 1;
+n
17	    string = strtok(NULL, " ");
+n
14	  while (string != NULL)
+n
16	    words += 1;
+n
17	    string = strtok(NULL, " ");
+n
14	  while (string != NULL)
+n
16	    words += 1;
+n
17	    string = strtok(NULL, " ");
+n
14	  while (string != NULL)
+n
19	  return words;
+p words
$2 = 3
+n
20	}
+n
main () at c:\Users\raksh\github-classroom\FPC-advanced\fpc-advanced-classroom-1st-year-assignment-RakshithaR1\set04\problem06.c:32
32	  output(b, words);
+n
33	  return 0;
+n
34	}+n
0x004010fd in __mingw_CRTStartup ()
+n
Single stepping until exit from function __mingw_CRTStartup,
which has no line number information.
[Inferior 1 (process 456) exited normally]
+q
+b 9
Breakpoint 1 at 0x40142e: file c:\Users\raksh\github-classroom\FPC-advanced\fpc-advanced-classroom-1st-year-assignment-RakshithaR1\set04\problem06.c, line 9.
+q
+b 9
Breakpoint 1 at 0x40142e: file c:\Users\raksh\github-classroom\FPC-advanced\fpc-advanced-classroom-1st-year-assignment-RakshithaR1\set04\problem06.c, line 9.
+n
The program is not being run.
+r
Starting program: c:\Users\raksh\github-classroom\FPC-advanced\fpc-advanced-classroom-1st-year-assignment-RakshithaR1\set04/./problem06.exe 
[New Thread 45796.0x961c]
[New Thread 45796.0xd08]

Breakpoint 1, count_words (string=0x60fe98 "hello world hello")
    at c:\Users\raksh\github-classroom\FPC-advanced\fpc-advanced-classroom-1st-year-assignment-RakshithaR1\set04\problem06.c:11
warning: Source file is more recent than executable.
11	  int words = 0;
+n
13	  tok = strtok(string, " ");
+p tok[0]
$1 = 89 'Y'
+p tok
$2 = 0x7652823f <onexit+271> "Y£\210¼Xv‹E\bYë\002\063À_^[ÉÃ", 'Ì' <repeats 14 times>, "‹ÿU‹ìÿu\bèÃþÿÿ÷ØY\033À÷ØH]ÃÌÌÌÌÌÌÌÌÌèžý"
+p *tok
$3 = 89 'Y'
+n
15	  while (tok != NULL)
+n
17	    words += 1;
+n
18	    tok = strtok(NULL, " ");
+n
15	  while (tok != NULL)
+p *tok
$4 = 119 'w'
+n
17	    words += 1;
+n
18	    tok = strtok(NULL, " ");
+n
15	  while (tok != NULL)
+p *tok
$5 = 104 'h'
+n
17	    words += 1;
+n
18	    tok = strtok(NULL, " ");
+n
15	  while (tok != NULL)
+p *tok
Cannot access memory at address 0x0
+n
20	  return words;
+n
21	}
+n
main () at c:\Users\raksh\github-classroom\FPC-advanced\fpc-advanced-classroom-1st-year-assignment-RakshithaR1\set04\problem06.c:33
33	  output(a, words);
+n
34	  return 0;
+n
35	}+n
0x004010fd in __mingw_CRTStartup ()
+n
Single stepping until exit from function __mingw_CRTStartup,
which has no line number information.
[Inferior 1 (process 45796) exited normally]
+q
+b 9
Breakpoint 1 at 0x40142e: file c:\Users\raksh\github-classroom\FPC-advanced\fpc-advanced-classroom-1st-year-assignment-RakshithaR1\set04\problem06.c, line 9.
+b 31
Breakpoint 2 at 0x4014b3: file c:\Users\raksh\github-classroom\FPC-advanced\fpc-advanced-classroom-1st-year-assignment-RakshithaR1\set04\problem06.c, line 31.
+n
The program is not being run.
+r
Starting program: c:\Users\raksh\github-classroom\FPC-advanced\fpc-advanced-classroom-1st-year-assignment-RakshithaR1\set04/./problem06.exe 
[New Thread 34060.0x64f4]
[New Thread 34060.0x9560]

Breakpoint 2, main () at c:\Users\raksh\github-classroom\FPC-advanced\fpc-advanced-classroom-1st-year-assignment-RakshithaR1\set04\problem06.c:31
31	  strcpy(b, a);
+n
32	  words = count_words(a);
+p b
$1 = "hello my world\000\000\000\000\000\000h%Š\000{È\023´\b\000\000\000h%Š\000p%Š\000\200\022@\000Ð\023@\000\001\000\000\000?‚Rv\200\000\000\000Lþ`\000t%Š\000„þ`\000\200\022@\000\000\025@\000\000\000\000\000?‚Rvt%Š\000œþ`\000u‡Sv"
+p b[0]
$2 = 104 'h'
+p b[1]
$3 = 101 'e'
+p b[5]
$4 = 32 ' '
+p b[6]
$5 = 109 'm'
+n

Breakpoint 1, count_words (string=0x60fe98 "hello my world")
    at c:\Users\raksh\github-classroom\FPC-advanced\fpc-advanced-classroom-1st-year-assignment-RakshithaR1\set04\problem06.c:11
11	  int words = 0;
+n
13	  string = strtok(string, " ");
+n
15	  while (string != NULL)
+p string
$6 = 0x60fe98 "hello"
+n
17	    words += 1;
+n
18	    string = strtok(NULL, " ");
+n
15	  while (string != NULL)
+p string
$7 = 0x60fe9e "my"
+n
17	    words += 1;
+n
18	    string = strtok(NULL, " ");
+n
15	  while (string != NULL)
+p string
$8 = 0x60fea1 "world"
+n
17	    words += 1;
+n
18	    string = strtok(NULL, " ");
+n
15	  while (string != NULL)
+n
20	  return words;
+p string
$9 = 0x0
+n
21	}
+n
main () at c:\Users\raksh\github-classroom\FPC-advanced\fpc-advanced-classroom-1st-year-assignment-RakshithaR1\set04\problem06.c:33
33	  output(b, words);
+n
34	  return 0;
+n
35	}+n
0x004010fd in __mingw_CRTStartup ()
+n
Single stepping until exit from function __mingw_CRTStartup,
which has no line number information.
[Inferior 1 (process 34060) exited normally]
+q
+b 9
Breakpoint 1 at 0x40142e: file c:\Users\raksh\github-classroom\FPC-advanced\fpc-advanced-classroom-1st-year-assignment-RakshithaR1\set04\problem06.c, line 9.
+n
The program is not being run.
+r
Starting program: c:\Users\raksh\github-classroom\FPC-advanced\fpc-advanced-classroom-1st-year-assignment-RakshithaR1\set04/./problem06.exe 
[New Thread 23020.0xb290]
[New Thread 23020.0x82b4]

Breakpoint 1, count_words (string=0x60fe98 "my name is Rakshitha")
    at c:\Users\raksh\github-classroom\FPC-advanced\fpc-advanced-classroom-1st-year-assignment-RakshithaR1\set04\problem06.c:11
11	  int words = 0;
+n
13	  string = strtok(string, " ");
+n
15	  while (string != NULL)
+p string[0]
$1 = 109 'm'
+p string
$2 = 0x60fe98 "my"
+p string[1]
$3 = 121 'y'
+p string[2]
$4 = 0 '\000'
+n
17	    words += 1;
+n
18	    string = strtok(NULL, " ");
+p string
$5 = 0x60fe98 "my"
+p string[2]
$6 = 0 '\000'
+n
15	  while (string != NULL)
+p string[1]
$7 = 97 'a'
+p string[5]
$8 = 105 'i'
+n
17	    words += 1;
+n
18	    string = strtok(NULL, " ");
+n
15	  while (string != NULL)
+p string
$9 = 0x60fea0 "is"
+p string[0]
$10 = 105 'i'
+p string[1]
$11 = 115 's'
+p string[2]
$12 = 0 '\000'
+p string[3]
$13 = 82 'R'
+n
17	    words += 1;
+n
18	    string = strtok(NULL, " ");
+p string[2]
$14 = 0 '\000'
+n
15	  while (string != NULL)
+n
17	    words += 1;
+n
18	    string = strtok(NULL, " ");
+n
15	  while (string != NULL)
+n
20	  return words;
+n
21	}
+n
main () at c:\Users\raksh\github-classroom\FPC-advanced\fpc-advanced-classroom-1st-year-assignment-RakshithaR1\set04\problem06.c:33
33	  output(b, words);
+n
34	  return 0;
+n
35	}+n
0x004010fd in __mingw_CRTStartup ()
+n
Single stepping until exit from function __mingw_CRTStartup,
which has no line number information.
[Inferior 1 (process 23020) exited normally]
+q
+b 22
Breakpoint 1 at 0x401479: file c:\Users\raksh\github-classroom\FPC-advanced\fpc-advanced-classroom-1st-year-assignment-RakshithaR1\set04\problem06.c, line 22.
+b 9
Breakpoint 2 at 0x40142e: file c:\Users\raksh\github-classroom\FPC-advanced\fpc-advanced-classroom-1st-year-assignment-RakshithaR1\set04\problem06.c, line 9.
+r
Starting program: c:\Users\raksh\github-classroom\FPC-advanced\fpc-advanced-classroom-1st-year-assignment-RakshithaR1\set04/./problem06.exe 
[New Thread 26396.0x59ec]
[New Thread 26396.0x8778]

Breakpoint 2, count_words (string=0x60fe98 "hello world hello")
    at c:\Users\raksh\github-classroom\FPC-advanced\fpc-advanced-classroom-1st-year-assignment-RakshithaR1\set04\problem06.c:11
11	  int words = 0;
+n
13	  string = strtok(string, " ");
+n
15	  while (string != NULL)
+n
17	    words += 1;
+n
18	    string = strtok(NULL, " ");
+n
15	  while (string != NULL)
+n
17	    words += 1;
+n
18	    string = strtok(NULL, " ");
+n
15	  while (string != NULL)
+n
17	    words += 1;
+n
18	    string = strtok(NULL, " ");
+n
15	  while (string != NULL)
+n
20	  return words;
+p string
$1 = 0x0
+n
21	}
+n
main () at c:\Users\raksh\github-classroom\FPC-advanced\fpc-advanced-classroom-1st-year-assignment-RakshithaR1\set04\problem06.c:39
39	  output(a, words);
+n

Breakpoint 1, output (string=0x60fe98 "hello", no_words=3)
    at c:\Users\raksh\github-classroom\FPC-advanced\fpc-advanced-classroom-1st-year-assignment-RakshithaR1\set04\problem06.c:24
24	  printf("The number of words in");
+n
25	  while (string != NULL)
+n
27	    printf(" %s",string);
+p string
$2 = 0x60fe98 "hello"
+n
28	    string = strtok(NULL, " ");
+n
25	  while (string != NULL)
+p string
$3 = 0x0
+n
30	  printf(" is %d",no_words);
+n
31	}
+n
main () at c:\Users\raksh\github-classroom\FPC-advanced\fpc-advanced-classroom-1st-year-assignment-RakshithaR1\set04\problem06.c:40
40	  return 0;
+n
41	}+n
0x004010fd in __mingw_CRTStartup ()
+n
Single stepping until exit from function __mingw_CRTStartup,
which has no line number information.
[Inferior 1 (process 26396) exited normally]
+q
