+b 10
Breakpoint 1 at 0x40144d: file c:\Users\raksh\github-classroom\FPC-advanced\fpc-advanced-classroom-1st-year-assignment-RakshithaR1\set03\problem06.c, line 10.
+b 31
Breakpoint 2 at 0x4014d4: file c:\Users\raksh\github-classroom\FPC-advanced\fpc-advanced-classroom-1st-year-assignment-RakshithaR1\set03\problem06.c, line 31.
+r
Starting program: c:\Users\raksh\github-classroom\FPC-advanced\fpc-advanced-classroom-1st-year-assignment-RakshithaR1\set03/./problem06.exe 
[New Thread 22772.0x5230]
[New Thread 22772.0x5cd8]

Breakpoint 2, main () at c:\Users\raksh\github-classroom\FPC-advanced\fpc-advanced-classroom-1st-year-assignment-RakshithaR1\set03\problem06.c:31
31	  n = sub_str_index(a, b);
+n

Breakpoint 1, sub_str_index (string=0x60fe98 "helloworldhello", substring=0x60fe34 "world")
    at c:\Users\raksh\github-classroom\FPC-advanced\fpc-advanced-classroom-1st-year-assignment-RakshithaR1\set03\problem06.c:13
13	  for (int j = 0; string[j] != '\0'; j++)
+n
16	    if (string[j] == substring[0])
+n
13	  for (int j = 0; string[j] != '\0'; j++)
+n
16	    if (string[j] == substring[0])
+print string
$1 = 0x60fe98 "helloworldhello"
+p string[j]
$2 = 101 'e'
+n
13	  for (int j = 0; string[j] != '\0'; j++)
+n
16	    if (string[j] == substring[0])
+n
13	  for (int j = 0; string[j] != '\0'; j++)
+n
16	    if (string[j] == substring[0])
+n
13	  for (int j = 0; string[j] != '\0'; j++)
+n
16	    if (string[j] == substring[0])
+n
13	  for (int j = 0; string[j] != '\0'; j++)
+n
16	    if (string[j] == substring[0])
+n
18	      return j;
+n
21	}
+print j
No symbol "j" in current context.
+n
main () at c:\Users\raksh\github-classroom\FPC-advanced\fpc-advanced-classroom-1st-year-assignment-RakshithaR1\set03\problem06.c:32
32	  output(a, b, n);
+print n
$3 = 5
+n
33	  return 0;
+n
34	}+n
0x004010fd in __mingw_CRTStartup ()
+n
Single stepping until exit from function __mingw_CRTStartup,
which has no line number information.
[Inferior 1 (process 22772) exited normally]
+q
+b 10
Breakpoint 1 at 0x40144d: file c:\Users\raksh\github-classroom\FPC-advanced\fpc-advanced-classroom-1st-year-assignment-RakshithaR1\set03\problem06.c, line 10.
+n
The program is not being run.
+r
Starting program: c:\Users\raksh\github-classroom\FPC-advanced\fpc-advanced-classroom-1st-year-assignment-RakshithaR1\set03/./problem06.exe 
[New Thread 27548.0x647c]
[New Thread 27548.0x5524]

Breakpoint 1, sub_str_index (string=0x60fe98 "helloworldhello", substring=0x60fe34 "world")
    at c:\Users\raksh\github-classroom\FPC-advanced\fpc-advanced-classroom-1st-year-assignment-RakshithaR1\set03\problem06.c:13
13	  for (int j = 0;string[j] != '\0'; j++)
+n
15	    int k=0;
+n
16	    if(string[j]==substring[0])
+n
13	  for (int j = 0;string[j] != '\0'; j++)
+n
15	    int k=0;
+n
16	    if(string[j]==substring[0])
+n
13	  for (int j = 0;string[j] != '\0'; j++)
+n
15	    int k=0;
+n
16	    if(string[j]==substring[0])
+n
13	  for (int j = 0;string[j] != '\0'; j++)
+n
15	    int k=0;
+n
16	    if(string[j]==substring[0])
+n
13	  for (int j = 0;string[j] != '\0'; j++)
+n
15	    int k=0;
+n
16	    if(string[j]==substring[0])
+n
13	  for (int j = 0;string[j] != '\0'; j++)
+n
15	    int k=0;
+n
16	    if(string[j]==substring[0])
+n
18	      int i=j;
+n
20	      while(string[i]==substring[k]&&substring[k]!='\0')
+p i
$1 = 5
+n
22	        i+=1;
+p j
$2 = 5
+n
23	        k+=1;
+n
24	        if(string[i]=='\0')
+n
20	      while(string[i]==substring[k]&&substring[k]!='\0')
+n
22	        i+=1;
+n
23	        k+=1;
+p i
$3 = 7
+p j
$4 = 5
+p string[i]
$5 = 114 'r'
+p substring[k]
$6 = 111 'o'
+n
24	        if(string[i]=='\0')
+n
20	      while(string[i]==substring[k]&&substring[k]!='\0')
+n
22	        i+=1;
+n
23	        k+=1;
+n
24	        if(string[i]=='\0')
+p substring[k]
$7 = 108 'l'
+p string[i]
$8 = 108 'l'
+n
20	      while(string[i]==substring[k]&&substring[k]!='\0')
+n
22	        i+=1;
+n
23	        k+=1;
+n
24	        if(string[i]=='\0')
+p string[i]
$9 = 100 'd'
+p substring[k]
$10 = 100 'd'
+n
20	      while(string[i]==substring[k]&&substring[k]!='\0')
+n
22	        i+=1;
+n
23	        k+=1;
+n
24	        if(string[i]=='\0')
+n
20	      while(string[i]==substring[k]&&substring[k]!='\0')
+n
13	  for (int j = 0;string[j] != '\0'; j++)
+b 11
Breakpoint 1 at 0x40144d: file c:\Users\raksh\github-classroom\FPC-advanced\fpc-advanced-classroom-1st-year-assignment-RakshithaR1\set03\problem06.c, line 11.
+b 20
Breakpoint 2 at 0x401474: file c:\Users\raksh\github-classroom\FPC-advanced\fpc-advanced-classroom-1st-year-assignment-RakshithaR1\set03\problem06.c, line 20.
+r
Starting program: c:\Users\raksh\github-classroom\FPC-advanced\fpc-advanced-classroom-1st-year-assignment-RakshithaR1\set03/./problem06.exe 
[New Thread 1492.0x16b8]
[New Thread 1492.0xb0a0]

Breakpoint 2, sub_str_index (string=0x60fe98 "helloworldhello", substring=0x60fe34 "world")
    at c:\Users\raksh\github-classroom\FPC-advanced\fpc-advanced-classroom-1st-year-assignment-RakshithaR1\set03\problem06.c:23
23	  for (int j = 0;string[j] != '\0'; j++)
+n
26	    if(string[j]==substring[0])
+n
23	  for (int j = 0;string[j] != '\0'; j++)
+n
26	    if(string[j]==substring[0])
+n
23	  for (int j = 0;string[j] != '\0'; j++)
+n
26	    if(string[j]==substring[0])
+n
23	  for (int j = 0;string[j] != '\0'; j++)
+n
26	    if(string[j]==substring[0])
+n
23	  for (int j = 0;string[j] != '\0'; j++)
+n
26	    if(string[j]==substring[0])
+n
23	  for (int j = 0;string[j] != '\0'; j++)
+n
26	    if(string[j]==substring[0])
+n
28	      int i=j-1;
+p i
$1 = 4
+q
A debugging session is active.

	Inferior 1 [process 1492] will be killed.

Quit anyway? (y or n) Not confirmed.
+r
The program being debugged has been started already.
Start it from the beginning? (y or n) Program not restarted.
+n
29	      int k=sos(substring);
+n

Breakpoint 1, sos (substring=0x60fe34 "world")
    at c:\Users\raksh\github-classroom\FPC-advanced\fpc-advanced-classroom-1st-year-assignment-RakshithaR1\set03\problem06.c:13
13	  int i=0;
+n
14	  while(substring[i]!='\0')
+n
16	    i++;
+n
14	  while(substring[i]!='\0')
+n
16	    i++;
+n
14	  while(substring[i]!='\0')
+n
16	    i++;
+p i
$2 = 2
+n
14	  while(substring[i]!='\0')
+n
16	    i++;
+n
14	  while(substring[i]!='\0')
+n
16	    i++;
+n
14	  while(substring[i]!='\0')
+n
18	  return i;
+n
19	}
+p i
$3 = 5
+n
sub_str_index (string=0x60fe98 "helloworldhello", substring=0x60fe34 "world")
    at c:\Users\raksh\github-classroom\FPC-advanced\fpc-advanced-classroom-1st-year-assignment-RakshithaR1\set03\problem06.c:30
30	      r=strncmp(string+i,substring,k);
+n
31	      if(r==0)
+n
23	  for (int j = 0;string[j] != '\0'; j++)
+n
26	    if(string[j]==substring[0])
+n
23	  for (int j = 0;string[j] != '\0'; j++)
+n
26	    if(string[j]==substring[0])
+n
23	  for (int j = 0;string[j] != '\0'; j++)
+n
26	    if(string[j]==substring[0])
+n
23	  for (int j = 0;string[j] != '\0'; j++)
+n
26	    if(string[j]==substring[0])
+n
23	  for (int j = 0;string[j] != '\0'; j++)
+n
26	    if(string[j]==substring[0])
+n
23	  for (int j = 0;string[j] != '\0'; j++)
+n
26	    if(string[j]==substring[0])
+n
23	  for (int j = 0;string[j] != '\0'; j++)
+n
26	    if(string[j]==substring[0])
+n
23	  for (int j = 0;string[j] != '\0'; j++)
+n
26	    if(string[j]==substring[0])
+n
23	  for (int j = 0;string[j] != '\0'; j++)
+n
26	    if(string[j]==substring[0])
+n
23	  for (int j = 0;string[j] != '\0'; j++)
+n
37	   return -1;   
+n
38	 }
+n
main () at c:\Users\raksh\github-classroom\FPC-advanced\fpc-advanced-classroom-1st-year-assignment-RakshithaR1\set03\problem06.c:55
55	  output(a, b, n);
+q
A debugging session is active.

	Inferior 1 [process 1492] will be killed.

Quit anyway? (y or n) error return ../../gdb-7.6.1/gdb/windows-nat.c:1275 was 5
