+b 12
Breakpoint 1 at 0x401481: file c:\Users\raksh\github-classroom\FPC-advanced\fpc-advanced-classroom-1st-year-assignment-RakshithaR1\set03\problem02.c, line 12.
+b 18
Breakpoint 2 at 0x4014c9: file c:\Users\raksh\github-classroom\FPC-advanced\fpc-advanced-classroom-1st-year-assignment-RakshithaR1\set03\problem02.c, line 18.
+b 34
Breakpoint 3 at 0x40158e: file c:\Users\raksh\github-classroom\FPC-advanced\fpc-advanced-classroom-1st-year-assignment-RakshithaR1\set03\problem02.c, line 34.
+r
Starting program: c:\Users\raksh\github-classroom\FPC-advanced\fpc-advanced-classroom-1st-year-assignment-RakshithaR1\set03/./problem02.exe 
[New Thread 2252.0x3808]
[New Thread 2252.0xf54]

Breakpoint 3, main () at c:\Users\raksh\github-classroom\FPC-advanced\fpc-advanced-classroom-1st-year-assignment-RakshithaR1\set03\problem02.c:34
34	  area = is_triangle(x1, y1, x2, y2, x3, y3);
+n

Breakpoint 1, is_triangle (x1=1, y1=1, x2=0, y2=0, x3=1, y3=1)
    at c:\Users\raksh\github-classroom\FPC-advanced\fpc-advanced-classroom-1st-year-assignment-RakshithaR1\set03\problem02.c:15
15	  area = 0.5 * (x1 * (y2 - y3) + x2 * (y3 - y1) + x3 * (y1 - y2));
+n
16	  return area;
+print area
$1 = 0
+n
17	}
+n
main () at c:\Users\raksh\github-classroom\FPC-advanced\fpc-advanced-classroom-1st-year-assignment-RakshithaR1\set03\problem02.c:35
35	  output(x1, y1, x2, y2, x3, y3, area);
+print area
$2 = 0
+n

Breakpoint 2, output (x1=1, y1=1, x2=0, y2=0, x3=1, y3=1, result=0)
    at c:\Users\raksh\github-classroom\FPC-advanced\fpc-advanced-classroom-1st-year-assignment-RakshithaR1\set03\problem02.c:20
20	  if (result == 0)
+n
22	    printf("The points (%.1f, %.1f), (%.1f, %.1f),(%.1f, %.1f) do not form a triangle", x1, y1, x2, y2, x3, y3);
+n
28	}
+n
main () at c:\Users\raksh\github-classroom\FPC-advanced\fpc-advanced-classroom-1st-year-assignment-RakshithaR1\set03\problem02.c:36
36	  return 0;
+n
37	}+n
0x004010fd in __mingw_CRTStartup ()
+n
Single stepping until exit from function __mingw_CRTStartup,
which has no line number information.
[Inferior 1 (process 2252) exited normally]
+q
+b 13
Breakpoint 1 at 0x401481: file c:\Users\raksh\github-classroom\FPC-advanced\fpc-advanced-classroom-1st-year-assignment-RakshithaR1\set03\problem02.c, line 13.
+r
Starting program: c:\Users\raksh\github-classroom\FPC-advanced\fpc-advanced-classroom-1st-year-assignment-RakshithaR1\set03/./problem02.exe 
[New Thread 27420.0x7b1c]
[New Thread 27420.0x6044]

Breakpoint 1, is_triangle (x1=1, y1=1, x2=0, y2=0, x3=1, y3=1)
    at c:\Users\raksh\github-classroom\FPC-advanced\fpc-advanced-classroom-1st-year-assignment-RakshithaR1\set03\problem02.c:16
16	  area = 0.5 * (x1 * (y2 - y3) + x2 * (y3 - y1) + x3 * (y1 - y2));
+n
17	  if(area<0.000001)
+p area
$1 = 0
+n
19	    return 0;
+n
24	}
+n
main () at c:\Users\raksh\github-classroom\FPC-advanced\fpc-advanced-classroom-1st-year-assignment-RakshithaR1\set03\problem02.c:42
42	  output(x1, y1, x2, y2, x3, y3, area);
+n
43	  return 0;
+n
44	}+n
0x004010fd in __mingw_CRTStartup ()
+n
Single stepping until exit from function __mingw_CRTStartup,
which has no line number information.
[Inferior 1 (process 27420) exited normally]
+r
Starting program: c:\Users\raksh\github-classroom\FPC-advanced\fpc-advanced-classroom-1st-year-assignment-RakshithaR1\set03/./problem02.exe 
[New Thread 18400.0x7bb8]
[New Thread 18400.0x150]

Breakpoint 1, is_triangle (x1=0, y1=0, x2=9.99999972e-010, y2=0, x3=0, y3=9.99999972e-010)
    at c:\Users\raksh\github-classroom\FPC-advanced\fpc-advanced-classroom-1st-year-assignment-RakshithaR1\set03\problem02.c:16
16	  area = 0.5 * (x1 * (y2 - y3) + x2 * (y3 - y1) + x3 * (y1 - y2));
+n
17	  if(area<0.000001)
+p area
$2 = 4.99999971e-019
+n
19	    return 0;
+n
24	}
+n
main () at c:\Users\raksh\github-classroom\FPC-advanced\fpc-advanced-classroom-1st-year-assignment-RakshithaR1\set03\problem02.c:42
42	  output(x1, y1, x2, y2, x3, y3, area);
+n
43	  return 0;
+n
44	}+n
0x004010fd in __mingw_CRTStartup ()
+n
Single stepping until exit from function __mingw_CRTStartup,
which has no line number information.
[Inferior 1 (process 18400) exited normally]
+r
Starting program: c:\Users\raksh\github-classroom\FPC-advanced\fpc-advanced-classroom-1st-year-assignment-RakshithaR1\set03/./problem02.exe 
[New Thread 15576.0x7f68]
[New Thread 15576.0x4170]

Breakpoint 1, is_triangle (x1=1, y1=1, x2=0, y2=0, x3=1, y3=1)
    at c:\Users\raksh\github-classroom\FPC-advanced\fpc-advanced-classroom-1st-year-assignment-RakshithaR1\set03\problem02.c:16
16	  area = 0.5 * (x1 * (y2 - y3) + x2 * (y3 - y1) + x3 * (y1 - y2));
+n
17	  if(fabs(area)<0.000001)
+n
19	
+n
24	 }
+n
main () at c:\Users\raksh\github-classroom\FPC-advanced\fpc-advanced-classroom-1st-year-assignment-RakshithaR1\set03\problem02.c:42
42	y3);
+n
43	ea);
+n
44	n 0;
+n
0x004010fd in __mingw_CRTStartup ()
+n
Single stepping until exit from function __mingw_CRTStartup,
which has no line number information.
[Inferior 1 (process 15576) exited normally]
+r
Starting program: c:\Users\raksh\github-classroom\FPC-advanced\fpc-advanced-classroom-1st-year-assignment-RakshithaR1\set03/./problem02.exe 
[New Thread 29960.0x69ec]
[New Thread 29960.0x7728]

Breakpoint 1, is_triangle (x1=0, y1=0, x2=9.99999972e-010, y2=0, x3=0, y3=9.99999972e-010)
    at c:\Users\raksh\github-classroom\FPC-advanced\fpc-advanced-classroom-1st-year-assignment-RakshithaR1\set03\problem02.c:16
16	  area = 0.5 * (x1 * (y2 - y3) + x2 * (y3 - y1) + x3 * (y1 - y2));
+n
17	  if(fabs(area)<0.000001)
+p area
$3 = 4.99999971e-019
+n
19	
+n
24	 }
+n
main () at c:\Users\raksh\github-classroom\FPC-advanced\fpc-advanced-classroom-1st-year-assignment-RakshithaR1\set03\problem02.c:42
42	y3);
+n
43	ea);
+n
44	n 0;
+n
0x004010fd in __mingw_CRTStartup ()
+n
Single stepping until exit from function __mingw_CRTStartup,
which has no line number information.
[Inferior 1 (process 29960) exited normally]
+r
Starting program: c:\Users\raksh\github-classroom\FPC-advanced\fpc-advanced-classroom-1st-year-assignment-RakshithaR1\set03/./problem02.exe 
[New Thread 1532.0x6364]
[New Thread 1532.0x5c80]

Breakpoint 1, is_triangle (x1=0, y1=0, x2=9.99999994e-009, y2=0, x3=0, y3=9.99999972e-010)
    at c:\Users\raksh\github-classroom\FPC-advanced\fpc-advanced-classroom-1st-year-assignment-RakshithaR1\set03\problem02.c:16
16	  area = 0.5 * (x1 * (y2 - y3) + x2 * (y3 - y1) + x3 * (y1 - y2));
+p area
$4 = 5.8841083e-039
+n
17	  if(fabs(area)<0.000001)
+p fabs(area)
$5 = 4991
+n
19	
+n
24	 }
+n
main () at c:\Users\raksh\github-classroom\FPC-advanced\fpc-advanced-classroom-1st-year-assignment-RakshithaR1\set03\problem02.c:42
42	y3);
+n
43	ea);
+n
44	n 0;
+n
0x004010fd in __mingw_CRTStartup ()
+n
Single stepping until exit from function __mingw_CRTStartup,
which has no line number information.
[Inferior 1 (process 1532) exited normally]
+q
+b 13
Breakpoint 1 at 0x401481: file c:\Users\raksh\github-classroom\FPC-advanced\fpc-advanced-classroom-1st-year-assignment-RakshithaR1\set03\problem02.c, line 13.
+r
Starting program: c:\Users\raksh\github-classroom\FPC-advanced\fpc-advanced-classroom-1st-year-assignment-RakshithaR1\set03/./problem02.exe 
[New Thread 9536.0x4e60]
[New Thread 9536.0x7324]

Breakpoint 1, is_triangle (x1=0, y1=0, x2=9.99999972e-010, y2=0, x3=0, y3=9.99999972e-010)
    at c:\Users\raksh\github-classroom\FPC-advanced\fpc-advanced-classroom-1st-year-assignment-RakshithaR1\set03\problem02.c:16
16	  area = 0.5 * (x1 * (y2 - y3) + x2 * (y3 - y1) + x3 * (y1 - y2));
+p area
$1 = 5.8841083e-039
+p fabs(area)
$2 = 4991
+n
17	 if (fabs(area)< 0.000001)
+n
19	    return 0;
+n
25	}
+n
main () at c:\Users\raksh\github-classroom\FPC-advanced\fpc-advanced-classroom-1st-year-assignment-RakshithaR1\set03\problem02.c:43
43	  output(x1, y1, x2, y2, x3, y3, area);
+n
44	  return 0;
+n
45	}+n
0x004010fd in __mingw_CRTStartup ()
+n
Single stepping until exit from function __mingw_CRTStartup,
which has no line number information.
[Inferior 1 (process 9536) exited normally]
+q
