+q
+b 11
Breakpoint 1 at 0x40144d: file c:\Users\raksh\github-classroom\FPC-advanced\fpc-advanced-classroom-1st-year-assignment-RakshithaR1\set01\problem10.c, line 11.
+b 46
Breakpoint 2 at 0x40158d: file c:\Users\raksh\github-classroom\FPC-advanced\fpc-advanced-classroom-1st-year-assignment-RakshithaR1\set01\problem10.c, line 46.
+r
Starting program: c:\Users\raksh\github-classroom\FPC-advanced\fpc-advanced-classroom-1st-year-assignment-RakshithaR1\set01/./problem10.exe 
[New Thread 12628.0x54b0]
[New Thread 12628.0x572c]

Breakpoint 2, main () at c:\Users\raksh\github-classroom\FPC-advanced\fpc-advanced-classroom-1st-year-assignment-RakshithaR1\set01\problem10.c:46
46	  result = stringcompare(string1, string2);
+n

Breakpoint 1, stringcompare (string1=0x60fe98 "hello", string2=0x60fe34 "hello")
    at c:\Users\raksh\github-classroom\FPC-advanced\fpc-advanced-classroom-1st-year-assignment-RakshithaR1\set01\problem10.c:13
13	  int i = 0;
+n
14	  while (string1[i] == string2[i])
+n
16	    if (string1[i] == '\0' || string2[i] == '\0')
+n
20	    i++;
+n
14	  while (string1[i] == string2[i])
+n
16	    if (string1[i] == '\0' || string2[i] == '\0')
+n
20	    i++;
+n
14	  while (string1[i] == string2[i])
+n
16	    if (string1[i] == '\0' || string2[i] == '\0')
+n
20	    i++;
+n
14	  while (string1[i] == string2[i])
+nn
Undefined command: "nn".  Try "help".
+n
16	    if (string1[i] == '\0' || string2[i] == '\0')
+n
20	    i++;
+n
14	  while (string1[i] == string2[i])
+n
16	    if (string1[i] == '\0' || string2[i] == '\0')
+n
20	    i++;
+n
14	  while (string1[i] == string2[i])
+n
16	    if (string1[i] == '\0' || string2[i] == '\0')
+n
22	  return string1[i] - string2[i];
+n
23	}
+n
main () at c:\Users\raksh\github-classroom\FPC-advanced\fpc-advanced-classroom-1st-year-assignment-RakshithaR1\set01\problem10.c:47
47	  output(string1, string2, result);
+n
48	  return 0;
+n
49	}+q
A debugging session is active.

	Inferior 1 [process 12628] will be killed.

Quit anyway? (y or n) error return ../../gdb-7.6.1/gdb/windows-nat.c:1275 was 5
+b 11
Breakpoint 1 at 0x40144d: file c:\Users\raksh\github-classroom\FPC-advanced\fpc-advanced-classroom-1st-year-assignment-RakshithaR1\set01\problem10.c, line 11.
+r
Starting program: c:\Users\raksh\github-classroom\FPC-advanced\fpc-advanced-classroom-1st-year-assignment-RakshithaR1\set01/./problem10.exe 
[New Thread 10084.0x1914]
[New Thread 10084.0x30a8]

Breakpoint 1, stringcompare (string1=0x60fe98 "hell", string2=0x60fe34 "hello")
    at c:\Users\raksh\github-classroom\FPC-advanced\fpc-advanced-classroom-1st-year-assignment-RakshithaR1\set01\problem10.c:13
13	  int j=0;
+n
14	  for(int i=0;string1[i]==string2[i]&&string1[i]=='\0';i++)
+n
19	  return string1[j]-string2[j];
+n
21	}
+n
main () at c:\Users\raksh\github-classroom\FPC-advanced\fpc-advanced-classroom-1st-year-assignment-RakshithaR1\set01\problem10.c:45
45	  output(string1, string2, result);
+n
46	  return 0;
+n
47	}+n
0x004010fd in __mingw_CRTStartup ()
+n
Single stepping until exit from function __mingw_CRTStartup,
which has no line number information.
[Inferior 1 (process 10084) exited normally]
+n
The program is not being run.
+r
Starting program: c:\Users\raksh\github-classroom\FPC-advanced\fpc-advanced-classroom-1st-year-assignment-RakshithaR1\set01/./problem10.exe 
[New Thread 27196.0x9bc]
[New Thread 27196.0x22cc]

Breakpoint 1, stringcompare (string1=0x60fe98 "hello", string2=0x60fe34 "hello")
    at c:\Users\raksh\github-classroom\FPC-advanced\fpc-advanced-classroom-1st-year-assignment-RakshithaR1\set01\problem10.c:13
13	  int j=0;
+n
14	  for(int i=0;string1[i]==string2[i]&&string1[i]=='\0';i++)
+n
19	  return string1[j]-string2[j];
+n
21	}
+q
A debugging session is active.

	Inferior 1 [process 27196] will be killed.

Quit anyway? (y or n) error return ../../gdb-7.6.1/gdb/windows-nat.c:1275 was 5
+b 11
Breakpoint 1 at 0x40144d: file c:\Users\raksh\github-classroom\FPC-advanced\fpc-advanced-classroom-1st-year-assignment-RakshithaR1\set01\problem10.c, line 11.
+b 44
Breakpoint 2 at 0x401520: file c:\Users\raksh\github-classroom\FPC-advanced\fpc-advanced-classroom-1st-year-assignment-RakshithaR1\set01\problem10.c, line 44.
+r
Starting program: c:\Users\raksh\github-classroom\FPC-advanced\fpc-advanced-classroom-1st-year-assignment-RakshithaR1\set01/./problem10.exe 
[New Thread 17168.0x4174]
[New Thread 17168.0x1030]

Breakpoint 2, main () at c:\Users\raksh\github-classroom\FPC-advanced\fpc-advanced-classroom-1st-year-assignment-RakshithaR1\set01\problem10.c:44
44	  input_two_strings(string1, string2);
+n
45	  result = stringcompare(string1, string2);
+n

Breakpoint 1, stringcompare (string1=0x60fe98 "hello", string2=0x60fe34 "hell")
    at c:\Users\raksh\github-classroom\FPC-advanced\fpc-advanced-classroom-1st-year-assignment-RakshithaR1\set01\problem10.c:13
13	  int j=0;
+n
14	  for(int i=0;string1[i]==string2[i]&&string1[i]=='\0';i++)
+n
22	}
+n
main () at c:\Users\raksh\github-classroom\FPC-advanced\fpc-advanced-classroom-1st-year-assignment-RakshithaR1\set01\problem10.c:46
46	  output(string1, string2, result);
+print result
$1 = 104
+n
47	
+n
48	
+n
0x004010fd in __mingw_CRTStartup ()
+n
Single stepping until exit from function __mingw_CRTStartup,
which has no line number information.
[Inferior 1 (process 17168) exited normally]
+q
+b 11
Breakpoint 1 at 0x40144d: file c:\Users\raksh\github-classroom\FPC-advanced\fpc-advanced-classroom-1st-year-assignment-RakshithaR1\set01\problem10.c, line 11.
+b 14
Breakpoint 2 at 0x401454: file c:\Users\raksh\github-classroom\FPC-advanced\fpc-advanced-classroom-1st-year-assignment-RakshithaR1\set01\problem10.c, line 14.
+b 42
Breakpoint 3 at 0x401516: file c:\Users\raksh\github-classroom\FPC-advanced\fpc-advanced-classroom-1st-year-assignment-RakshithaR1\set01\problem10.c, line 42.
+r
Starting program: c:\Users\raksh\github-classroom\FPC-advanced\fpc-advanced-classroom-1st-year-assignment-RakshithaR1\set01/./problem10.exe 
[New Thread 3884.0x4e9c]
[New Thread 3884.0x30f4]

Breakpoint 3, main () at c:\Users\raksh\github-classroom\FPC-advanced\fpc-advanced-classroom-1st-year-assignment-RakshithaR1\set01\problem10.c:42
42	  result = stringcompare(string1, string2);
+n

Breakpoint 1, stringcompare (string1=0x60fe98 "hell", string2=0x60fe34 "hello")
    at c:\Users\raksh\github-classroom\FPC-advanced\fpc-advanced-classroom-1st-year-assignment-RakshithaR1\set01\problem10.c:13
13	  int j=0;
+n

Breakpoint 2, stringcompare (string1=0x60fe98 "hell", string2=0x60fe34 "hello")
    at c:\Users\raksh\github-classroom\FPC-advanced\fpc-advanced-classroom-1st-year-assignment-RakshithaR1\set01\problem10.c:14
14	  for(int i=0;string1[i]==string2[i]&&string1[i]=='\0';i++);
+n
19	}
+n
main () at c:\Users\raksh\github-classroom\FPC-advanced\fpc-advanced-classroom-1st-year-assignment-RakshithaR1\set01\problem10.c:43
43	  output(string1, string2, result);
+q
A debugging session is active.

	Inferior 1 [process 3884] will be killed.

Quit anyway? (y or n) error return ../../gdb-7.6.1/gdb/windows-nat.c:1275 was 5
+b 11
Breakpoint 1 at 0x40144d: file c:\Users\raksh\github-classroom\FPC-advanced\fpc-advanced-classroom-1st-year-assignment-RakshithaR1\set01\problem10.c, line 11.
+b 46 
Breakpoint 2 at 0x40153d: file c:\Users\raksh\github-classroom\FPC-advanced\fpc-advanced-classroom-1st-year-assignment-RakshithaR1\set01\problem10.c, line 46.
+r
Starting program: c:\Users\raksh\github-classroom\FPC-advanced\fpc-advanced-classroom-1st-year-assignment-RakshithaR1\set01/./problem10.exe 
[New Thread 10772.0x24a8]
[New Thread 10772.0x1dbc]

Breakpoint 2, main () at c:\Users\raksh\github-classroom\FPC-advanced\fpc-advanced-classroom-1st-year-assignment-RakshithaR1\set01\problem10.c:46
46	  result = stringcompare(string1, string2);
+n

Breakpoint 1, stringcompare (string1=0x60fe98 "hell", string2=0x60fe34 "hello")
    at c:\Users\raksh\github-classroom\FPC-advanced\fpc-advanced-classroom-1st-year-assignment-RakshithaR1\set01\problem10.c:13
13	   int i=0;
+n
14	   while(string1[i]==string2[i])
+n
16	     if(string1[i]=='\0'||string2[i]=='\0')
+n
20	     i++;
+n
14	   while(string1[i]==string2[i])
+n
16	     if(string1[i]=='\0'||string2[i]=='\0')
+n
20	     i++;
+n
14	   while(string1[i]==string2[i])
+n
16	     if(string1[i]=='\0'||string2[i]=='\0')
+n
20	     i++;
+n
14	   while(string1[i]==string2[i])
+n
16	     if(string1[i]=='\0'||string2[i]=='\0')
+n
20	     i++;
+n
14	   while(string1[i]==string2[i])
+n
22	  return string1[i]-string2[i];
+n
23	}
+n
main () at c:\Users\raksh\github-classroom\FPC-advanced\fpc-advanced-classroom-1st-year-assignment-RakshithaR1\set01\problem10.c:47
47	  output(string1, string2, result);
+print result
$1 = -111
+n
48	  return 0;
+n
49	}+n
0x004010fd in __mingw_CRTStartup ()
+n
Single stepping until exit from function __mingw_CRTStartup,
which has no line number information.
[Inferior 1 (process 10772) exited normally]
+n
The program is not being run.
+q
+b 11
Breakpoint 1 at 0x40144d: file c:\Users\raksh\github-classroom\FPC-advanced\fpc-advanced-classroom-1st-year-assignment-RakshithaR1\set01\problem10.c, line 11.
+b 43
Breakpoint 2 at 0x40154a: file c:\Users\raksh\github-classroom\FPC-advanced\fpc-advanced-classroom-1st-year-assignment-RakshithaR1\set01\problem10.c, line 43.
+r
Starting program: c:\Users\raksh\github-classroom\FPC-advanced\fpc-advanced-classroom-1st-year-assignment-RakshithaR1\set01/./problem10.exe 
[New Thread 22356.0x3f04]
[New Thread 22356.0x40e8]

Breakpoint 2, main () at c:\Users\raksh\github-classroom\FPC-advanced\fpc-advanced-classroom-1st-year-assignment-RakshithaR1\set01\problem10.c:43
43	  result = stringcompare(string1, string2);
+n

Breakpoint 1, stringcompare (string1=0x60fe98 "hello", string2=0x60fe34 "hell")
    at c:\Users\raksh\github-classroom\FPC-advanced\fpc-advanced-classroom-1st-year-assignment-RakshithaR1\set01\problem10.c:13
13	  int j=0;
+n
14	  for(int i=0;string1[i]==string2[i]&&(string1[i]!='\0'||string2[i]!='\0');i++)
+n
16	    j=i;
+n
14	  for(int i=0;string1[i]==string2[i]&&(string1[i]!='\0'||string2[i]!='\0');i++)
+n
16	    j=i;
+n
14	  for(int i=0;string1[i]==string2[i]&&(string1[i]!='\0'||string2[i]!='\0');i++)
+n
16	    j=i;
+n
14	  for(int i=0;string1[i]==string2[i]&&(string1[i]!='\0'||string2[i]!='\0');i++)
+n
16	    j=i;
+n
14	  for(int i=0;string1[i]==string2[i]&&(string1[i]!='\0'||string2[i]!='\0');i++)
+n
18	  return string1[j]-string2[j];
+print j
$1 = 3
+n
19	}
+n
main () at c:\Users\raksh\github-classroom\FPC-advanced\fpc-advanced-classroom-1st-year-assignment-RakshithaR1\set01\problem10.c:44
44	  output(string1, string2, result);
+print result
$2 = 0
+n
45	  return 0;
+n
46	}+n
0x004010fd in __mingw_CRTStartup ()
+n
Single stepping until exit from function __mingw_CRTStartup,
which has no line number information.
[Inferior 1 (process 22356) exited normally]
+q
+b 11
Breakpoint 1 at 0x40144d: file c:\Users\raksh\github-classroom\FPC-advanced\fpc-advanced-classroom-1st-year-assignment-RakshithaR1\set01\problem10.c, line 11.
+b 19
Breakpoint 2 at 0x4014b2: file c:\Users\raksh\github-classroom\FPC-advanced\fpc-advanced-classroom-1st-year-assignment-RakshithaR1\set01\problem10.c, line 19.
+info b
Num     Type           Disp Enb Address    What
1       breakpoint     keep y   0x0040144d in stringcompare 
                                           at c:\Users\raksh\github-classroom\FPC-advanced\fpc-advanced-classroom-1st-year-assignment-RakshithaR1\set01\problem10.c:11
2       breakpoint     keep y   0x004014b2 in output 
                                           at c:\Users\raksh\github-classroom\FPC-advanced\fpc-advanced-classroom-1st-year-assignment-RakshithaR1\set01\problem10.c:19
+r
Starting program: c:\Users\raksh\github-classroom\FPC-advanced\fpc-advanced-classroom-1st-year-assignment-RakshithaR1\set01/./problem10.exe 
[New Thread 16712.0x8a14]
[New Thread 16712.0x6e1c]

Breakpoint 1, stringcompare (string1=0x60fe98 "hello", string2=0x60fe34 "hello")
    at c:\Users\raksh\github-classroom\FPC-advanced\fpc-advanced-classroom-1st-year-assignment-RakshithaR1\set01\problem10.c:13
13	  int i=0;
+n
14	  for( i=0;string1[i]==string2[i]&&(string1[i]!='\0');i++);
+p i
$1 = 0
+n
15	  return string1[i]-string2[i];
+n
16	}
+n
main () at c:\Users\raksh\github-classroom\FPC-advanced\fpc-advanced-classroom-1st-year-assignment-RakshithaR1\set01\problem10.c:41
41	  output(string1, string2, result);
+n

Breakpoint 2, output (string1=0x60fe98 "hello", string2=0x60fe34 "hello", result=0)
    at c:\Users\raksh\github-classroom\FPC-advanced\fpc-advanced-classroom-1st-year-assignment-RakshithaR1\set01\problem10.c:21
21	  if (result > 0)
+n
25	  else if (result < 0)
+p result
$2 = 0
+n
31	    printf("Both the strings are equal");
+n
33	}
+n
main () at c:\Users\raksh\github-classroom\FPC-advanced\fpc-advanced-classroom-1st-year-assignment-RakshithaR1\set01\problem10.c:42
42	  return 0;
+n
43	}+n
0x004010fd in __mingw_CRTStartup ()
+n
Single stepping until exit from function __mingw_CRTStartup,
which has no line number information.
[Inferior 1 (process 16712) exited normally]
+q
