+b 25
Breakpoint 1 at 0x40151d: file c:\Users\raksh\github-classroom\FPC-advanced\fpc-advanced-classroom-1st-year-assignment-RakshithaR1\set05\problem08.c, line 25.
+b 37
Breakpoint 2 at 0x4015d0: file c:\Users\raksh\github-classroom\FPC-advanced\fpc-advanced-classroom-1st-year-assignment-RakshithaR1\set05\problem08.c, line 37.
+r
Starting program: c:\Users\raksh\github-classroom\FPC-advanced\fpc-advanced-classroom-1st-year-assignment-RakshithaR1\set05/./problem08.exe 
[New Thread 9000.0x818c]
[New Thread 9000.0xe54]

Breakpoint 1, find_camel_weight (n=8, c=0x60f8b8)
    at c:\Users\raksh\github-classroom\FPC-advanced\fpc-advanced-classroom-1st-year-assignment-RakshithaR1\set05\problem08.c:27
27	  for (int i = 0; i < n; i++)
+r
The program being debugged has been started already.
Start it from the beginning? (y or n) error return ../../gdb-7.6.1/gdb/windows-nat.c:1275 was 5
Starting program: c:\Users\raksh\github-classroom\FPC-advanced\fpc-advanced-classroom-1st-year-assignment-RakshithaR1\set05/./problem08.exe 
[New Thread 38512.0xaf4]
[New Thread 38512.0x9574]

Breakpoint 1, find_camel_weight (n=8, c=0x60f8b8)
    at c:\Users\raksh\github-classroom\FPC-advanced\fpc-advanced-classroom-1st-year-assignment-RakshithaR1\set05\problem08.c:27
27	  for (int i = 0; i < n; i++)
+n
29	    const float pi = 3.1415;
+n
30	    float cu = 0;
+n
31	    float preguess = c[i].height * c[i].length, guess;
+n
32	    guess=sqrt(preguess);
+n
33	    cu = c[i].radius * c[i].radius * c[i].radius;
+n
34	    c[i].weight = pi * cu * guess;
+n
27	  for (int i = 0; i < n; i++)
+p c[i].weight
$1 = 0
+p c[0]
$2 = {radius = 8.90558245e-039, height = 1, length = 1, weight = 0}
+p c[0].weight
$3 = 0
+r
The program being debugged has been started already.
Start it from the beginning? (y or n) error return ../../gdb-7.6.1/gdb/windows-nat.c:1275 was 5
Starting program: c:\Users\raksh\github-classroom\FPC-advanced\fpc-advanced-classroom-1st-year-assignment-RakshithaR1\set05/./problem08.exe 
[New Thread 30224.0x76a0]
