+b 10
Breakpoint 1 at 0x401431: file c:\Users\raksh\github-classroom\FPC-advanced\fpc-advanced-classroom-1st-year-assignment-RakshithaR1\set05\problem05.c, line 10.
+r
Starting program: c:\Users\raksh\github-classroom\FPC-advanced\fpc-advanced-classroom-1st-year-assignment-RakshithaR1\set05/./problem05.exe 
[New Thread 34104.0x9628]
[New Thread 34104.0x6284]

Breakpoint 1, borga_x (x=5) at c:\Users\raksh\github-classroom\FPC-advanced\fpc-advanced-classroom-1st-year-assignment-RakshithaR1\set05\problem05.c:11
warning: Source file is more recent than executable.
11	{
+n
12	   float s[x],sum=0.0,fac,f[x];
+n
13	   for(int i=0;i<x;i++)
+n
15	     s[i]=pow(x,i);
+n
13	   for(int i=0;i<x;i++)
+n
15	     s[i]=pow(x,i);
+n
13	   for(int i=0;i<x;i++)
+n
15	     s[i]=pow(x,i);
+n
13	   for(int i=0;i<x;i++)
+n
15	     s[i]=pow(x,i);
+n
13	   for(int i=0;i<x;i++)
+n
15	     s[i]=pow(x,i);
+n
13	   for(int i=0;i<x;i++)
+n
17	   for(int y=1;y<x;y++)
+n
19	     fac=1;
+p s[0]
$1 = 1
+p s[1]
$2 = 5
+p s[2]
$3 = 25
+p s[3]
$4 = 125
+p s[4]
$5 = 625
+n
20	     for(int a=1;a<=y;a++)
+n
22	       fac *= a;
+n
20	     for(int a=1;a<=y;a++)
+n
24	     f[y-1]=fac;
+n
17	   for(int y=1;y<x;y++)
+p f[0]
$6 = 1
+n
19	     fac=1;
+n
20	     for(int a=1;a<=y;a++)
+n
22	       fac *= a;
+n
20	     for(int a=1;a<=y;a++)
+n
22	       fac *= a;
+n
20	     for(int a=1;a<=y;a++)
+n
24	     f[y-1]=fac;
+n
17	   for(int y=1;y<x;y++)
+p y[2]
cannot subscript something of type `int'
+n
19	     fac=1;
+n
20	     for(int a=1;a<=y;a++)
+n
22	       fac *= a;
+n
20	     for(int a=1;a<=y;a++)
+n
22	       fac *= a;
+n
20	     for(int a=1;a<=y;a++)
+n
22	       fac *= a;
+n
20	     for(int a=1;a<=y;a++)
+n
24	     f[y-1]=fac;
+n
17	   for(int y=1;y<x;y++)
+p f[1]
$7 = 2
+p f[2]
$8 = 6
+p f[3]
$9 = 5.88487902e-039
+n
19	     fac=1;
+n
20	     for(int a=1;a<=y;a++)
+n
22	       fac *= a;
+n
20	     for(int a=1;a<=y;a++)
+n
22	       fac *= a;
+n
20	     for(int a=1;a<=y;a++)
+n
22	       fac *= a;
+n
20	     for(int a=1;a<=y;a++)
+n
22	       fac *= a;
+n
20	     for(int a=1;a<=y;a++)
+n
24	     f[y-1]=fac;
+n
17	   for(int y=1;y<x;y++)
+p f[3]
$10 = 24
+n
26	   for(int j=0;j<x;j++)
+n
28	     if(j%2!=0)
+n
26	   for(int j=0;j<x;j++)
+n
28	     if(j%2!=0)
+n
30	      for(int z=0;z<x;z++)
+n
32	        sum += (s[z]/f[z]);
+n
30	      for(int z=0;z<x;z++)
+q
A debugging session is active.

	Inferior 1 [process 34104] will be killed.

Quit anyway? (y or n) error return ../../gdb-7.6.1/gdb/windows-nat.c:1275 was 5
